{"C:\\Users\\User\\Desktop\\Baki\\this.group\\This.group.Frontend\\js\\api.js": {"path":"C:\\Users\\User\\Desktop\\Baki\\this.group\\This.group.Frontend\\js\\api.js","statementMap":{"0":{"start":{"line":3,"column":20},"end":{"line":31,"column":1}},"1":{"start":{"line":4,"column":4},"end":{"line":30,"column":11}},"2":{"start":{"line":5,"column":26},"end":{"line":5,"column":41}},"3":{"start":{"line":6,"column":21},"end":{"line":30,"column":10}},"4":{"start":{"line":8,"column":31},"end":{"line":8,"column":70}},"5":{"start":{"line":10,"column":12},"end":{"line":29,"column":19}},"6":{"start":{"line":34,"column":19},"end":{"line":84,"column":1}},"7":{"start":{"line":37,"column":4},"end":{"line":37,"column":23}},"8":{"start":{"line":39,"column":4},"end":{"line":83,"column":10}},"9":{"start":{"line":40,"column":26},"end":{"line":40,"column":41}},"10":{"start":{"line":42,"column":30},"end":{"line":42,"column":40}},"11":{"start":{"line":44,"column":26},"end":{"line":44,"column":58}},"12":{"start":{"line":45,"column":25},"end":{"line":45,"column":64}},"13":{"start":{"line":46,"column":24},"end":{"line":46,"column":64}},"14":{"start":{"line":48,"column":26},"end":{"line":48,"column":36}},"15":{"start":{"line":49,"column":22},"end":{"line":49,"column":32}},"16":{"start":{"line":50,"column":26},"end":{"line":50,"column":92}},"17":{"start":{"line":51,"column":23},"end":{"line":51,"column":63}},"18":{"start":{"line":52,"column":23},"end":{"line":52,"column":68}},"19":{"start":{"line":53,"column":25},"end":{"line":53,"column":44}},"20":{"start":{"line":55,"column":29},"end":{"line":55,"column":69}},"21":{"start":{"line":58,"column":12},"end":{"line":81,"column":18}},"22":{"start":{"line":77,"column":27},"end":{"line":77,"column":37}},"23":{"start":{"line":79,"column":20},"end":{"line":79,"column":36}},"24":{"start":{"line":80,"column":20},"end":{"line":80,"column":37}},"25":{"start":{"line":90,"column":26},"end":{"line":136,"column":1}},"26":{"start":{"line":92,"column":4},"end":{"line":130,"column":10}},"27":{"start":{"line":93,"column":26},"end":{"line":93,"column":41}},"28":{"start":{"line":96,"column":34},"end":{"line":96,"column":53}},"29":{"start":{"line":97,"column":35},"end":{"line":97,"column":74}},"30":{"start":{"line":98,"column":26},"end":{"line":98,"column":52}},"31":{"start":{"line":100,"column":33},"end":{"line":100,"column":79}},"32":{"start":{"line":101,"column":32},"end":{"line":101,"column":77}},"33":{"start":{"line":103,"column":26},"end":{"line":103,"column":36}},"34":{"start":{"line":104,"column":22},"end":{"line":104,"column":32}},"35":{"start":{"line":105,"column":26},"end":{"line":105,"column":92}},"36":{"start":{"line":106,"column":23},"end":{"line":106,"column":63}},"37":{"start":{"line":107,"column":23},"end":{"line":107,"column":68}},"38":{"start":{"line":108,"column":25},"end":{"line":108,"column":44}},"39":{"start":{"line":110,"column":29},"end":{"line":110,"column":69}},"40":{"start":{"line":112,"column":12},"end":{"line":129,"column":18}},"41":{"start":{"line":124,"column":27},"end":{"line":124,"column":37}},"42":{"start":{"line":126,"column":20},"end":{"line":126,"column":36}},"43":{"start":{"line":128,"column":20},"end":{"line":128,"column":43}},"44":{"start":{"line":138,"column":30},"end":{"line":179,"column":1}},"45":{"start":{"line":140,"column":4},"end":{"line":175,"column":10}},"46":{"start":{"line":141,"column":26},"end":{"line":141,"column":41}},"47":{"start":{"line":145,"column":33},"end":{"line":145,"column":35}},"48":{"start":{"line":148,"column":12},"end":{"line":150,"column":14}},"49":{"start":{"line":149,"column":16},"end":{"line":149,"column":39}},"50":{"start":{"line":153,"column":12},"end":{"line":153,"column":46}},"51":{"start":{"line":156,"column":12},"end":{"line":174,"column":18}},"52":{"start":{"line":163,"column":27},"end":{"line":163,"column":37}},"53":{"start":{"line":166,"column":33},"end":{"line":166,"column":74}},"54":{"start":{"line":167,"column":34},"end":{"line":167,"column":76}},"55":{"start":{"line":168,"column":35},"end":{"line":168,"column":78}},"56":{"start":{"line":171,"column":20},"end":{"line":171,"column":55}},"57":{"start":{"line":172,"column":20},"end":{"line":172,"column":56}},"58":{"start":{"line":173,"column":20},"end":{"line":173,"column":57}},"59":{"start":{"line":182,"column":20},"end":{"line":204,"column":1}},"60":{"start":{"line":184,"column":4},"end":{"line":203,"column":19}},"61":{"start":{"line":230,"column":23},"end":{"line":259,"column":1}},"62":{"start":{"line":232,"column":25},"end":{"line":232,"column":78}},"63":{"start":{"line":233,"column":4},"end":{"line":233,"column":30}},"64":{"start":{"line":234,"column":4},"end":{"line":234,"column":31}},"65":{"start":{"line":235,"column":4},"end":{"line":235,"column":49}},"66":{"start":{"line":237,"column":4},"end":{"line":258,"column":10}},"67":{"start":{"line":238,"column":26},"end":{"line":238,"column":41}},"68":{"start":{"line":240,"column":12},"end":{"line":257,"column":13}},"69":{"start":{"line":241,"column":16},"end":{"line":254,"column":18}},"70":{"start":{"line":242,"column":20},"end":{"line":252,"column":23}},"71":{"start":{"line":256,"column":16},"end":{"line":256,"column":92}},"72":{"start":{"line":261,"column":0},"end":{"line":267,"column":1}}},"fnMap":{"0":{"name":"(anonymous_0)","decl":{"start":{"line":3,"column":20},"end":{"line":3,"column":21}},"loc":{"start":{"line":3,"column":32},"end":{"line":31,"column":1}},"line":3},"1":{"name":"(anonymous_1)","decl":{"start":{"line":5,"column":14},"end":{"line":5,"column":15}},"loc":{"start":{"line":5,"column":26},"end":{"line":5,"column":41}},"line":5},"2":{"name":"(anonymous_2)","decl":{"start":{"line":6,"column":14},"end":{"line":6,"column":15}},"loc":{"start":{"line":6,"column":21},"end":{"line":30,"column":10}},"line":6},"3":{"name":"(anonymous_3)","decl":{"start":{"line":6,"column":43},"end":{"line":6,"column":44}},"loc":{"start":{"line":6,"column":51},"end":{"line":30,"column":9}},"line":6},"4":{"name":"(anonymous_4)","decl":{"start":{"line":34,"column":19},"end":{"line":34,"column":20}},"loc":{"start":{"line":34,"column":26},"end":{"line":84,"column":1}},"line":34},"5":{"name":"(anonymous_5)","decl":{"start":{"line":40,"column":14},"end":{"line":40,"column":15}},"loc":{"start":{"line":40,"column":26},"end":{"line":40,"column":41}},"line":40},"6":{"name":"(anonymous_6)","decl":{"start":{"line":41,"column":14},"end":{"line":41,"column":15}},"loc":{"start":{"line":41,"column":21},"end":{"line":83,"column":9}},"line":41},"7":{"name":"(anonymous_7)","decl":{"start":{"line":77,"column":20},"end":{"line":77,"column":21}},"loc":{"start":{"line":77,"column":27},"end":{"line":77,"column":37}},"line":77},"8":{"name":"(anonymous_8)","decl":{"start":{"line":78,"column":22},"end":{"line":78,"column":23}},"loc":{"start":{"line":78,"column":29},"end":{"line":81,"column":17}},"line":78},"9":{"name":"(anonymous_9)","decl":{"start":{"line":90,"column":26},"end":{"line":90,"column":27}},"loc":{"start":{"line":90,"column":39},"end":{"line":136,"column":1}},"line":90},"10":{"name":"(anonymous_10)","decl":{"start":{"line":93,"column":14},"end":{"line":93,"column":15}},"loc":{"start":{"line":93,"column":26},"end":{"line":93,"column":41}},"line":93},"11":{"name":"(anonymous_11)","decl":{"start":{"line":94,"column":14},"end":{"line":94,"column":15}},"loc":{"start":{"line":94,"column":21},"end":{"line":130,"column":9}},"line":94},"12":{"name":"(anonymous_12)","decl":{"start":{"line":124,"column":20},"end":{"line":124,"column":21}},"loc":{"start":{"line":124,"column":27},"end":{"line":124,"column":37}},"line":124},"13":{"name":"(anonymous_13)","decl":{"start":{"line":125,"column":22},"end":{"line":125,"column":23}},"loc":{"start":{"line":125,"column":29},"end":{"line":129,"column":17}},"line":125},"14":{"name":"(anonymous_14)","decl":{"start":{"line":138,"column":30},"end":{"line":138,"column":31}},"loc":{"start":{"line":138,"column":59},"end":{"line":179,"column":1}},"line":138},"15":{"name":"(anonymous_15)","decl":{"start":{"line":141,"column":14},"end":{"line":141,"column":15}},"loc":{"start":{"line":141,"column":26},"end":{"line":141,"column":41}},"line":141},"16":{"name":"(anonymous_16)","decl":{"start":{"line":142,"column":14},"end":{"line":142,"column":15}},"loc":{"start":{"line":142,"column":21},"end":{"line":175,"column":9}},"line":142},"17":{"name":"(anonymous_17)","decl":{"start":{"line":148,"column":30},"end":{"line":148,"column":31}},"loc":{"start":{"line":148,"column":38},"end":{"line":150,"column":13}},"line":148},"18":{"name":"(anonymous_18)","decl":{"start":{"line":163,"column":20},"end":{"line":163,"column":21}},"loc":{"start":{"line":163,"column":27},"end":{"line":163,"column":37}},"line":163},"19":{"name":"(anonymous_19)","decl":{"start":{"line":164,"column":22},"end":{"line":164,"column":23}},"loc":{"start":{"line":164,"column":29},"end":{"line":174,"column":17}},"line":164},"20":{"name":"(anonymous_20)","decl":{"start":{"line":182,"column":20},"end":{"line":182,"column":21}},"loc":{"start":{"line":182,"column":33},"end":{"line":204,"column":1}},"line":182},"21":{"name":"(anonymous_21)","decl":{"start":{"line":230,"column":23},"end":{"line":230,"column":24}},"loc":{"start":{"line":230,"column":36},"end":{"line":259,"column":1}},"line":230},"22":{"name":"(anonymous_22)","decl":{"start":{"line":238,"column":14},"end":{"line":238,"column":15}},"loc":{"start":{"line":238,"column":26},"end":{"line":238,"column":41}},"line":238},"23":{"name":"(anonymous_23)","decl":{"start":{"line":239,"column":14},"end":{"line":239,"column":15}},"loc":{"start":{"line":239,"column":21},"end":{"line":258,"column":9}},"line":239},"24":{"name":"(anonymous_24)","decl":{"start":{"line":241,"column":47},"end":{"line":241,"column":48}},"loc":{"start":{"line":241,"column":62},"end":{"line":254,"column":17}},"line":241}},"branchMap":{"0":{"loc":{"start":{"line":21,"column":133},"end":{"line":21,"column":168}},"type":"cond-expr","locations":[{"start":{"line":21,"column":149},"end":{"line":21,"column":162}},{"start":{"line":21,"column":165},"end":{"line":21,"column":168}}],"line":21},"1":{"loc":{"start":{"line":22,"column":134},"end":{"line":22,"column":169}},"type":"cond-expr","locations":[{"start":{"line":22,"column":150},"end":{"line":22,"column":163}},{"start":{"line":22,"column":166},"end":{"line":22,"column":169}}],"line":22},"2":{"loc":{"start":{"line":23,"column":135},"end":{"line":23,"column":170}},"type":"cond-expr","locations":[{"start":{"line":23,"column":151},"end":{"line":23,"column":164}},{"start":{"line":23,"column":167},"end":{"line":23,"column":170}}],"line":23},"3":{"loc":{"start":{"line":240,"column":12},"end":{"line":257,"column":13}},"type":"if","locations":[{"start":{"line":240,"column":12},"end":{"line":257,"column":13}},{"start":{"line":255,"column":19},"end":{"line":257,"column":13}}],"line":240}},"s":{"0":1,"1":2,"2":2,"3":2,"4":2,"5":2,"6":1,"7":1,"8":1,"9":1,"10":1,"11":1,"12":1,"13":1,"14":1,"15":1,"16":1,"17":1,"18":1,"19":1,"20":1,"21":1,"22":1,"23":1,"24":1,"25":1,"26":0,"27":0,"28":0,"29":0,"30":0,"31":0,"32":0,"33":0,"34":0,"35":0,"36":0,"37":0,"38":0,"39":0,"40":0,"41":0,"42":0,"43":0,"44":1,"45":0,"46":0,"47":0,"48":0,"49":0,"50":0,"51":0,"52":0,"53":0,"54":0,"55":0,"56":0,"57":0,"58":0,"59":1,"60":0,"61":1,"62":0,"63":0,"64":0,"65":0,"66":0,"67":0,"68":0,"69":0,"70":0,"71":0,"72":1},"f":{"0":2,"1":2,"2":2,"3":2,"4":1,"5":1,"6":1,"7":1,"8":1,"9":0,"10":0,"11":0,"12":0,"13":0,"14":0,"15":0,"16":0,"17":0,"18":0,"19":0,"20":0,"21":0,"22":0,"23":0,"24":0},"b":{"0":[0,2],"1":[0,2],"2":[0,2],"3":[0,0]},"_coverageSchema":"1a1c01bbd47fc00a2c39e90264f33305004495a9","hash":"2c79b30b12b44aca5e696cf9bef01cf610aa71c4"}
}
