{"C:\\Users\\User\\Desktop\\Baki\\this.group\\This.group.Frontend\\js\\api.js": {"path":"C:\\Users\\User\\Desktop\\Baki\\this.group\\This.group.Frontend\\js\\api.js","statementMap":{"0":{"start":{"line":4,"column":14},"end":{"line":4,"column":24}},"1":{"start":{"line":5,"column":10},"end":{"line":5,"column":20}},"2":{"start":{"line":6,"column":14},"end":{"line":6,"column":57}},"3":{"start":{"line":7,"column":11},"end":{"line":7,"column":51}},"4":{"start":{"line":8,"column":11},"end":{"line":8,"column":56}},"5":{"start":{"line":9,"column":13},"end":{"line":9,"column":32}},"6":{"start":{"line":13,"column":20},"end":{"line":41,"column":1}},"7":{"start":{"line":14,"column":4},"end":{"line":40,"column":11}},"8":{"start":{"line":15,"column":26},"end":{"line":15,"column":41}},"9":{"start":{"line":16,"column":21},"end":{"line":40,"column":10}},"10":{"start":{"line":18,"column":31},"end":{"line":18,"column":70}},"11":{"start":{"line":20,"column":12},"end":{"line":39,"column":19}},"12":{"start":{"line":44,"column":19},"end":{"line":87,"column":1}},"13":{"start":{"line":47,"column":4},"end":{"line":47,"column":23}},"14":{"start":{"line":49,"column":4},"end":{"line":86,"column":10}},"15":{"start":{"line":50,"column":26},"end":{"line":50,"column":41}},"16":{"start":{"line":52,"column":30},"end":{"line":52,"column":40}},"17":{"start":{"line":54,"column":26},"end":{"line":54,"column":58}},"18":{"start":{"line":55,"column":25},"end":{"line":55,"column":64}},"19":{"start":{"line":56,"column":24},"end":{"line":56,"column":69}},"20":{"start":{"line":58,"column":29},"end":{"line":58,"column":73}},"21":{"start":{"line":61,"column":12},"end":{"line":84,"column":18}},"22":{"start":{"line":80,"column":27},"end":{"line":80,"column":37}},"23":{"start":{"line":82,"column":20},"end":{"line":82,"column":36}},"24":{"start":{"line":83,"column":20},"end":{"line":83,"column":37}},"25":{"start":{"line":93,"column":26},"end":{"line":132,"column":1}},"26":{"start":{"line":95,"column":4},"end":{"line":126,"column":10}},"27":{"start":{"line":96,"column":26},"end":{"line":96,"column":41}},"28":{"start":{"line":99,"column":34},"end":{"line":99,"column":53}},"29":{"start":{"line":100,"column":35},"end":{"line":100,"column":74}},"30":{"start":{"line":101,"column":26},"end":{"line":101,"column":52}},"31":{"start":{"line":103,"column":33},"end":{"line":103,"column":79}},"32":{"start":{"line":104,"column":32},"end":{"line":104,"column":77}},"33":{"start":{"line":106,"column":29},"end":{"line":106,"column":76}},"34":{"start":{"line":108,"column":12},"end":{"line":125,"column":18}},"35":{"start":{"line":120,"column":27},"end":{"line":120,"column":37}},"36":{"start":{"line":122,"column":20},"end":{"line":122,"column":36}},"37":{"start":{"line":124,"column":20},"end":{"line":124,"column":43}},"38":{"start":{"line":134,"column":30},"end":{"line":175,"column":1}},"39":{"start":{"line":136,"column":4},"end":{"line":171,"column":10}},"40":{"start":{"line":137,"column":26},"end":{"line":137,"column":41}},"41":{"start":{"line":141,"column":33},"end":{"line":141,"column":35}},"42":{"start":{"line":144,"column":12},"end":{"line":146,"column":14}},"43":{"start":{"line":145,"column":16},"end":{"line":145,"column":39}},"44":{"start":{"line":149,"column":12},"end":{"line":149,"column":46}},"45":{"start":{"line":152,"column":12},"end":{"line":170,"column":18}},"46":{"start":{"line":159,"column":27},"end":{"line":159,"column":37}},"47":{"start":{"line":162,"column":33},"end":{"line":162,"column":74}},"48":{"start":{"line":163,"column":34},"end":{"line":163,"column":76}},"49":{"start":{"line":164,"column":35},"end":{"line":164,"column":78}},"50":{"start":{"line":167,"column":20},"end":{"line":167,"column":55}},"51":{"start":{"line":168,"column":20},"end":{"line":168,"column":56}},"52":{"start":{"line":169,"column":20},"end":{"line":169,"column":57}},"53":{"start":{"line":178,"column":20},"end":{"line":200,"column":1}},"54":{"start":{"line":180,"column":4},"end":{"line":199,"column":19}},"55":{"start":{"line":226,"column":23},"end":{"line":256,"column":1}},"56":{"start":{"line":229,"column":25},"end":{"line":229,"column":78}},"57":{"start":{"line":230,"column":4},"end":{"line":230,"column":30}},"58":{"start":{"line":231,"column":4},"end":{"line":231,"column":31}},"59":{"start":{"line":232,"column":4},"end":{"line":232,"column":49}},"60":{"start":{"line":234,"column":4},"end":{"line":255,"column":10}},"61":{"start":{"line":235,"column":26},"end":{"line":235,"column":41}},"62":{"start":{"line":237,"column":12},"end":{"line":254,"column":13}},"63":{"start":{"line":238,"column":16},"end":{"line":251,"column":18}},"64":{"start":{"line":239,"column":20},"end":{"line":249,"column":23}},"65":{"start":{"line":253,"column":16},"end":{"line":253,"column":92}},"66":{"start":{"line":259,"column":25},"end":{"line":276,"column":1}},"67":{"start":{"line":261,"column":18},"end":{"line":261,"column":19}},"68":{"start":{"line":262,"column":25},"end":{"line":262,"column":67}},"69":{"start":{"line":264,"column":4},"end":{"line":275,"column":7}},"70":{"start":{"line":265,"column":17},"end":{"line":265,"column":27}},"71":{"start":{"line":266,"column":17},"end":{"line":275,"column":6}},"72":{"start":{"line":268,"column":8},"end":{"line":274,"column":9}},"73":{"start":{"line":278,"column":0},"end":{"line":287,"column":1}}},"fnMap":{"0":{"name":"(anonymous_0)","decl":{"start":{"line":13,"column":20},"end":{"line":13,"column":21}},"loc":{"start":{"line":13,"column":32},"end":{"line":41,"column":1}},"line":13},"1":{"name":"(anonymous_1)","decl":{"start":{"line":15,"column":14},"end":{"line":15,"column":15}},"loc":{"start":{"line":15,"column":26},"end":{"line":15,"column":41}},"line":15},"2":{"name":"(anonymous_2)","decl":{"start":{"line":16,"column":14},"end":{"line":16,"column":15}},"loc":{"start":{"line":16,"column":21},"end":{"line":40,"column":10}},"line":16},"3":{"name":"(anonymous_3)","decl":{"start":{"line":16,"column":43},"end":{"line":16,"column":44}},"loc":{"start":{"line":16,"column":51},"end":{"line":40,"column":9}},"line":16},"4":{"name":"(anonymous_4)","decl":{"start":{"line":44,"column":19},"end":{"line":44,"column":20}},"loc":{"start":{"line":44,"column":26},"end":{"line":87,"column":1}},"line":44},"5":{"name":"(anonymous_5)","decl":{"start":{"line":50,"column":14},"end":{"line":50,"column":15}},"loc":{"start":{"line":50,"column":26},"end":{"line":50,"column":41}},"line":50},"6":{"name":"(anonymous_6)","decl":{"start":{"line":51,"column":14},"end":{"line":51,"column":15}},"loc":{"start":{"line":51,"column":21},"end":{"line":86,"column":9}},"line":51},"7":{"name":"(anonymous_7)","decl":{"start":{"line":80,"column":20},"end":{"line":80,"column":21}},"loc":{"start":{"line":80,"column":27},"end":{"line":80,"column":37}},"line":80},"8":{"name":"(anonymous_8)","decl":{"start":{"line":81,"column":22},"end":{"line":81,"column":23}},"loc":{"start":{"line":81,"column":29},"end":{"line":84,"column":17}},"line":81},"9":{"name":"(anonymous_9)","decl":{"start":{"line":93,"column":26},"end":{"line":93,"column":27}},"loc":{"start":{"line":93,"column":39},"end":{"line":132,"column":1}},"line":93},"10":{"name":"(anonymous_10)","decl":{"start":{"line":96,"column":14},"end":{"line":96,"column":15}},"loc":{"start":{"line":96,"column":26},"end":{"line":96,"column":41}},"line":96},"11":{"name":"(anonymous_11)","decl":{"start":{"line":97,"column":14},"end":{"line":97,"column":15}},"loc":{"start":{"line":97,"column":21},"end":{"line":126,"column":9}},"line":97},"12":{"name":"(anonymous_12)","decl":{"start":{"line":120,"column":20},"end":{"line":120,"column":21}},"loc":{"start":{"line":120,"column":27},"end":{"line":120,"column":37}},"line":120},"13":{"name":"(anonymous_13)","decl":{"start":{"line":121,"column":22},"end":{"line":121,"column":23}},"loc":{"start":{"line":121,"column":29},"end":{"line":125,"column":17}},"line":121},"14":{"name":"(anonymous_14)","decl":{"start":{"line":134,"column":30},"end":{"line":134,"column":31}},"loc":{"start":{"line":134,"column":59},"end":{"line":175,"column":1}},"line":134},"15":{"name":"(anonymous_15)","decl":{"start":{"line":137,"column":14},"end":{"line":137,"column":15}},"loc":{"start":{"line":137,"column":26},"end":{"line":137,"column":41}},"line":137},"16":{"name":"(anonymous_16)","decl":{"start":{"line":138,"column":14},"end":{"line":138,"column":15}},"loc":{"start":{"line":138,"column":21},"end":{"line":171,"column":9}},"line":138},"17":{"name":"(anonymous_17)","decl":{"start":{"line":144,"column":30},"end":{"line":144,"column":31}},"loc":{"start":{"line":144,"column":38},"end":{"line":146,"column":13}},"line":144},"18":{"name":"(anonymous_18)","decl":{"start":{"line":159,"column":20},"end":{"line":159,"column":21}},"loc":{"start":{"line":159,"column":27},"end":{"line":159,"column":37}},"line":159},"19":{"name":"(anonymous_19)","decl":{"start":{"line":160,"column":22},"end":{"line":160,"column":23}},"loc":{"start":{"line":160,"column":29},"end":{"line":170,"column":17}},"line":160},"20":{"name":"(anonymous_20)","decl":{"start":{"line":178,"column":20},"end":{"line":178,"column":21}},"loc":{"start":{"line":178,"column":33},"end":{"line":200,"column":1}},"line":178},"21":{"name":"(anonymous_21)","decl":{"start":{"line":226,"column":23},"end":{"line":226,"column":24}},"loc":{"start":{"line":226,"column":36},"end":{"line":256,"column":1}},"line":226},"22":{"name":"(anonymous_22)","decl":{"start":{"line":235,"column":14},"end":{"line":235,"column":15}},"loc":{"start":{"line":235,"column":26},"end":{"line":235,"column":41}},"line":235},"23":{"name":"(anonymous_23)","decl":{"start":{"line":236,"column":14},"end":{"line":236,"column":15}},"loc":{"start":{"line":236,"column":21},"end":{"line":255,"column":9}},"line":236},"24":{"name":"(anonymous_24)","decl":{"start":{"line":238,"column":47},"end":{"line":238,"column":48}},"loc":{"start":{"line":238,"column":62},"end":{"line":251,"column":17}},"line":238},"25":{"name":"(anonymous_25)","decl":{"start":{"line":259,"column":25},"end":{"line":259,"column":26}},"loc":{"start":{"line":259,"column":32},"end":{"line":276,"column":1}},"line":259},"26":{"name":"(anonymous_26)","decl":{"start":{"line":265,"column":10},"end":{"line":265,"column":11}},"loc":{"start":{"line":265,"column":17},"end":{"line":265,"column":27}},"line":265},"27":{"name":"(anonymous_27)","decl":{"start":{"line":266,"column":10},"end":{"line":266,"column":11}},"loc":{"start":{"line":266,"column":17},"end":{"line":275,"column":6}},"line":266},"28":{"name":"(anonymous_28)","decl":{"start":{"line":266,"column":29},"end":{"line":266,"column":30}},"loc":{"start":{"line":266,"column":40},"end":{"line":275,"column":5}},"line":266}},"branchMap":{"0":{"loc":{"start":{"line":31,"column":133},"end":{"line":31,"column":168}},"type":"cond-expr","locations":[{"start":{"line":31,"column":149},"end":{"line":31,"column":162}},{"start":{"line":31,"column":165},"end":{"line":31,"column":168}}],"line":31},"1":{"loc":{"start":{"line":32,"column":134},"end":{"line":32,"column":169}},"type":"cond-expr","locations":[{"start":{"line":32,"column":150},"end":{"line":32,"column":163}},{"start":{"line":32,"column":166},"end":{"line":32,"column":169}}],"line":32},"2":{"loc":{"start":{"line":33,"column":135},"end":{"line":33,"column":170}},"type":"cond-expr","locations":[{"start":{"line":33,"column":151},"end":{"line":33,"column":164}},{"start":{"line":33,"column":167},"end":{"line":33,"column":170}}],"line":33},"3":{"loc":{"start":{"line":237,"column":12},"end":{"line":254,"column":13}},"type":"if","locations":[{"start":{"line":237,"column":12},"end":{"line":254,"column":13}},{"start":{"line":252,"column":19},"end":{"line":254,"column":13}}],"line":237}},"s":{"0":2,"1":2,"2":2,"3":2,"4":2,"5":2,"6":2,"7":2,"8":2,"9":2,"10":2,"11":2,"12":2,"13":0,"14":0,"15":0,"16":0,"17":0,"18":0,"19":0,"20":0,"21":0,"22":0,"23":0,"24":0,"25":2,"26":0,"27":0,"28":0,"29":0,"30":0,"31":0,"32":0,"33":0,"34":0,"35":0,"36":0,"37":0,"38":2,"39":0,"40":0,"41":0,"42":0,"43":0,"44":0,"45":0,"46":0,"47":0,"48":0,"49":0,"50":0,"51":0,"52":0,"53":2,"54":4,"55":2,"56":2,"57":2,"58":2,"59":2,"60":2,"61":2,"62":2,"63":0,"64":0,"65":2,"66":2,"67":2,"68":2,"69":2,"70":2,"71":2,"72":2,"73":2},"f":{"0":2,"1":2,"2":2,"3":2,"4":0,"5":0,"6":0,"7":0,"8":0,"9":0,"10":0,"11":0,"12":0,"13":0,"14":0,"15":0,"16":0,"17":0,"18":0,"19":0,"20":4,"21":2,"22":2,"23":2,"24":0,"25":2,"26":2,"27":2,"28":2},"b":{"0":[0,2],"1":[0,2],"2":[0,2],"3":[0,2]},"_coverageSchema":"1a1c01bbd47fc00a2c39e90264f33305004495a9","hash":"be81979bbd82d8f27aaae7892d996eace27c55a4"}
}
