TN:
SF:js\api.js
FN:11,(anonymous_0)
FN:13,(anonymous_1)
FN:14,(anonymous_2)
FN:14,(anonymous_3)
FN:42,(anonymous_4)
FN:48,(anonymous_5)
FN:49,(anonymous_6)
FN:78,(anonymous_7)
FN:79,(anonymous_8)
FN:91,(anonymous_9)
FN:94,(anonymous_10)
FN:95,(anonymous_11)
FN:118,(anonymous_12)
FN:119,(anonymous_13)
FN:132,(anonymous_14)
FN:135,(anonymous_15)
FN:136,(anonymous_16)
FN:142,(anonymous_17)
FN:157,(anonymous_18)
FN:158,(anonymous_19)
FN:176,(anonymous_20)
FN:224,(anonymous_21)
FN:232,(anonymous_22)
FN:233,(anonymous_23)
FN:235,(anonymous_24)
FN:256,(anonymous_25)
FN:262,(anonymous_26)
FN:263,(anonymous_27)
FN:263,(anonymous_28)
FNF:29
FNH:4
FNDA:2,(anonymous_0)
FNDA:2,(anonymous_1)
FNDA:2,(anonymous_2)
FNDA:2,(anonymous_3)
FNDA:0,(anonymous_4)
FNDA:0,(anonymous_5)
FNDA:0,(anonymous_6)
FNDA:0,(anonymous_7)
FNDA:0,(anonymous_8)
FNDA:0,(anonymous_9)
FNDA:0,(anonymous_10)
FNDA:0,(anonymous_11)
FNDA:0,(anonymous_12)
FNDA:0,(anonymous_13)
FNDA:0,(anonymous_14)
FNDA:0,(anonymous_15)
FNDA:0,(anonymous_16)
FNDA:0,(anonymous_17)
FNDA:0,(anonymous_18)
FNDA:0,(anonymous_19)
FNDA:0,(anonymous_20)
FNDA:0,(anonymous_21)
FNDA:0,(anonymous_22)
FNDA:0,(anonymous_23)
FNDA:0,(anonymous_24)
FNDA:0,(anonymous_25)
FNDA:0,(anonymous_26)
FNDA:0,(anonymous_27)
FNDA:0,(anonymous_28)
DA:2,1
DA:3,1
DA:4,1
DA:5,1
DA:6,1
DA:7,1
DA:11,1
DA:12,2
DA:13,2
DA:14,2
DA:16,2
DA:18,2
DA:42,1
DA:45,0
DA:47,0
DA:48,0
DA:50,0
DA:52,0
DA:53,0
DA:54,0
DA:56,0
DA:59,0
DA:78,0
DA:80,0
DA:81,0
DA:91,1
DA:93,0
DA:94,0
DA:97,0
DA:98,0
DA:99,0
DA:101,0
DA:102,0
DA:104,0
DA:106,0
DA:118,0
DA:120,0
DA:122,0
DA:132,1
DA:134,0
DA:135,0
DA:139,0
DA:142,0
DA:143,0
DA:147,0
DA:150,0
DA:157,0
DA:160,0
DA:161,0
DA:162,0
DA:165,0
DA:166,0
DA:167,0
DA:176,1
DA:178,0
DA:224,1
DA:226,0
DA:227,0
DA:228,0
DA:229,0
DA:231,0
DA:232,0
DA:234,0
DA:235,0
DA:236,0
DA:250,0
DA:256,1
DA:258,0
DA:259,0
DA:261,0
DA:262,0
DA:263,0
DA:265,0
DA:275,1
LF:74
LH:19
BRDA:29,0,0,0
BRDA:29,0,1,2
BRDA:30,1,0,0
BRDA:30,1,1,2
BRDA:31,2,0,0
BRDA:31,2,1,2
BRDA:234,3,0,0
BRDA:234,3,1,0
BRF:8
BRH:3
end_of_record
